[debug] [2019-04-25T20:59:17.189Z] ----------------------------------------------------------------------
[debug] [2019-04-25T20:59:17.191Z] Command:       /Users/adolfo/.nvm/versions/node/v10.12.0/lib/node_modules/node/bin/node /Users/adolfo/.nvm/versions/node/v10.12.0/bin/firebase deploy
[debug] [2019-04-25T20:59:17.191Z] CLI Version:   6.4.0
[debug] [2019-04-25T20:59:17.192Z] Platform:      darwin
[debug] [2019-04-25T20:59:17.192Z] Node Version:  v10.7.0
[debug] [2019-04-25T20:59:17.192Z] Time:          Thu Apr 25 2019 22:59:17 GMT+0200 (GMT+02:00)
[debug] [2019-04-25T20:59:17.193Z] ----------------------------------------------------------------------
[debug] 
[debug] [2019-04-25T20:59:17.204Z] > command requires scopes: ["email","openid","https://www.googleapis.com/auth/cloudplatformprojects.readonly","https://www.googleapis.com/auth/firebase","https://www.googleapis.com/auth/cloud-platform"]
[debug] [2019-04-25T20:59:17.204Z] > authorizing via signed-in user
[debug] [2019-04-25T20:59:17.204Z] [iam] checking project react-mongo-test for permissions ["cloudfunctions.functions.create","cloudfunctions.functions.delete","cloudfunctions.functions.get","cloudfunctions.functions.list","cloudfunctions.functions.update","cloudfunctions.operations.get","firebase.projects.get","firebasedatabase.instances.update","firebasehosting.sites.update"]
[debug] [2019-04-25T20:59:17.206Z] >>> HTTP REQUEST POST https://cloudresourcemanager.googleapis.com/v1/projects/react-mongo-test:testIamPermissions  

[debug] [2019-04-25T20:59:18.217Z] <<< HTTP RESPONSE 200
[debug] [2019-04-25T20:59:18.219Z] >>> HTTP REQUEST GET https://firebase.googleapis.com/v1beta1/projects/react-mongo-test  
 
[debug] [2019-04-25T20:59:18.445Z] <<< HTTP RESPONSE 200
[info] 
[info] === Deploying to 'react-mongo-test'...
[info] 
[info] i  deploying database, functions, hosting
[info] i  database: checking rules syntax...
[debug] [2019-04-25T20:59:20.067Z] >>> HTTP REQUEST PUT https://react-mongo-test.firebaseio.com/.settings/rules.json?dryRun=true  
 {
  "rules": {
    ".read": "true",
    ".write": "true"
  }
}

[debug] [2019-04-25T20:59:20.772Z] <<< HTTP RESPONSE 200
[info] ✔  database: rules syntax for database react-mongo-test is valid
[debug] [2019-04-25T20:59:20.774Z] > [functions] package.json contents: {
  "name": "functions",
  "description": "Cloud Functions for Firebase",
  "scripts": {
    "lint": "eslint .",
    "serve": "firebase serve --only functions",
    "shell": "firebase functions:shell",
    "start": "npm run shell",
    "deploy": "firebase deploy --only functions",
    "logs": "firebase functions:log"
  },
  "dependencies": {
    "firebase-admin": "~7.0.0",
    "firebase-functions": "^2.2.0"
  },
  "devDependencies": {
    "eslint": "^5.12.0",
    "eslint-plugin-promise": "^4.0.1"
  },
  "private": true
}
[info] i  functions: ensuring necessary APIs are enabled...
[debug] [2019-04-25T20:59:20.775Z] >>> HTTP REQUEST GET https://servicemanagement.googleapis.com/v1/services/cloudfunctions.googleapis.com/projectSettings/react-mongo-test?view=CONSUMER_VIEW  
 
[debug] [2019-04-25T20:59:20.775Z] >>> HTTP REQUEST GET https://servicemanagement.googleapis.com/v1/services/runtimeconfig.googleapis.com/projectSettings/react-mongo-test?view=CONSUMER_VIEW  
 
[debug] [2019-04-25T20:59:22.207Z] <<< HTTP RESPONSE 200
[debug] [2019-04-25T20:59:22.230Z] <<< HTTP RESPONSE 200
[info] ✔  functions: all necessary APIs are enabled
[debug] [2019-04-25T20:59:22.232Z] >>> HTTP REQUEST GET https://cloudresourcemanager.googleapis.com/v1/projects/react-mongo-test  
 
[debug] [2019-04-25T20:59:23.127Z] <<< HTTP RESPONSE 200
[debug] [2019-04-25T20:59:23.129Z] >>> HTTP REQUEST GET https://mobilesdk-pa.googleapis.com/v1/projects/355923043574:getServerAppConfig  
 
[debug] [2019-04-25T20:59:23.356Z] <<< HTTP RESPONSE 200
[debug] [2019-04-25T20:59:23.358Z] >>> HTTP REQUEST POST https://firebasehosting.googleapis.com/v1beta1/sites/react-mongo-test/versions  

[debug] [2019-04-25T20:59:24.970Z] <<< HTTP RESPONSE 200
[info] i  functions: preparing functions directory for uploading...
[debug] [2019-04-25T20:59:24.972Z] >>> HTTP REQUEST GET https://runtimeconfig.googleapis.com/v1beta1/projects/react-mongo-test/configs  
 
[debug] [2019-04-25T20:59:25.279Z] <<< HTTP RESPONSE 200
[debug] [2019-04-25T20:59:25.280Z] >>> HTTP REQUEST GET https://runtimeconfig.googleapis.com/v1beta1/projects/react-mongo-test/configs/api/variables  
 
[debug] [2019-04-25T20:59:26.303Z] <<< HTTP RESPONSE 200
[debug] [2019-04-25T20:59:26.304Z] >>> HTTP REQUEST GET https://runtimeconfig.googleapis.com/v1beta1/projects/react-mongo-test/configs/api/variables/url  
 
[debug] [2019-04-25T20:59:27.433Z] <<< HTTP RESPONSE 200
[info] i  hosting[react-mongo-test]: beginning deploy...
[info] i  hosting[react-mongo-test]: found 19 files in build
[debug] [2019-04-25T20:59:27.608Z] [hosting] hash cache [YnVpbGQ] load error: lines is not defined
[debug] [2019-04-25T20:59:28.318Z] [hosting] hash cache [YnVpbGQ] stored for 19 files
[debug] [2019-04-25T20:59:28.318Z] [hosting][hash queue][FINAL]
[debug] [2019-04-25T20:59:28.319Z] >>> HTTP REQUEST POST https://firebasehosting.googleapis.com/v1beta1/sites/react-mongo-test/versions/1fd97b95568a6a34:populateFiles  
 <request body omitted>
[debug] [2019-04-25T20:59:29.783Z] <<< HTTP RESPONSE 200
[debug] [2019-04-25T20:59:29.788Z] [hosting][populate queue][FINAL]
[debug] [2019-04-25T20:59:29.789Z] [hosting] uploads queued: 8
[debug] [2019-04-25T20:59:32.318Z] [hosting][upload queue][FINAL]
[info] ✔  hosting[react-mongo-test]: file upload complete
[debug] [2019-04-25T20:59:32.319Z] [hosting] deploy completed after 4722ms
[info] i  database: releasing rules...
[debug] [2019-04-25T20:59:32.420Z] >>> HTTP REQUEST PUT https://react-mongo-test.firebaseio.com/.settings/rules.json  
 {
  "rules": {
    ".read": "true",
    ".write": "true"
  }
}

[debug] [2019-04-25T20:59:33.060Z] <<< HTTP RESPONSE 200
[info] ✔  database: rules for database react-mongo-test released successfully
[debug] [2019-04-25T20:59:33.062Z] >>> HTTP REQUEST GET https://cloudfunctions.googleapis.com/v1/projects/react-mongo-test/locations/-/functions  
 
[debug] [2019-04-25T20:59:33.573Z] <<< HTTP RESPONSE 200
[debug] [2019-04-25T20:59:33.577Z] [
  {
    "config": {
      "public": "build",
      "ignore": [
        "firebase.json",
        "**/.*",
        "**/node_modules/**"
      ],
      "rewrites": [
        {
          "source": "**",
          "destination": "/index.html"
        }
      ],
      "site": "react-mongo-test"
    },
    "site": "react-mongo-test",
    "version": "sites/react-mongo-test/versions/1fd97b95568a6a34"
  }
]
[info] i  hosting[react-mongo-test]: finalizing version...
[debug] [2019-04-25T20:59:33.577Z] >>> HTTP REQUEST PATCH https://firebasehosting.googleapis.com/v1beta1/sites/react-mongo-test/versions/1fd97b95568a6a34?updateMask=status  

[debug] [2019-04-25T20:59:34.801Z] <<< HTTP RESPONSE 200
[debug] [2019-04-25T20:59:34.802Z] [hosting] finalized version for react-mongo-test:
[info] ✔  hosting[react-mongo-test]: version finalized
[info] i  hosting[react-mongo-test]: releasing new version...
[debug] [2019-04-25T20:59:34.803Z] >>> HTTP REQUEST POST https://firebasehosting.googleapis.com/v1beta1/sites/react-mongo-test/releases?version_name=sites/react-mongo-test/versions/1fd97b95568a6a34  

